<?xml version="1.0" encoding="UTF-8"?>
<testng-results ignored="0" total="4" passed="2" failed="2" skipped="0">
  <reporter-output>
  </reporter-output>
  <suite started-at="2022-10-20T18:45:52 IST" name="Suite" finished-at="2022-10-20T18:47:28 IST" duration-ms="95501">
    <groups>
    </groups>
    <test started-at="2022-10-20T18:45:52 IST" name="Test" finished-at="2022-10-20T18:47:28 IST" duration-ms="95501">
      <class name="Com.OrangeHRM.TestCases.ConfigurationPageTest">
        <test-method is-config="true" signature="Setup()[pri:0, instance:Com.OrangeHRM.TestCases.ConfigurationPageTest@7905a0b8]" started-at="2022-10-20T18:47:07 IST" name="Setup" finished-at="2022-10-20T18:47:15 IST" duration-ms="7657" status="PASS">
          <reporter-output>
          </reporter-output>
        </test-method> <!-- Setup -->
        <test-method signature="ConfigList()[pri:0, instance:Com.OrangeHRM.TestCases.ConfigurationPageTest@7905a0b8]" started-at="2022-10-20T18:47:15 IST" name="ConfigList" finished-at="2022-10-20T18:47:27 IST" duration-ms="12330" status="PASS">
          <reporter-output>
          </reporter-output>
        </test-method> <!-- ConfigList -->
        <test-method is-config="true" signature="TearDown()[pri:0, instance:Com.OrangeHRM.TestCases.ConfigurationPageTest@7905a0b8]" started-at="2022-10-20T18:47:27 IST" name="TearDown" finished-at="2022-10-20T18:47:28 IST" duration-ms="579" status="PASS">
          <reporter-output>
          </reporter-output>
        </test-method> <!-- TearDown -->
      </class> <!-- Com.OrangeHRM.TestCases.ConfigurationPageTest -->
      <class name="Com.OrangeHRM.TestCases.HomepageTest">
        <test-method is-config="true" signature="Setup()[pri:0, instance:Com.OrangeHRM.TestCases.HomepageTest@2c78324b]" started-at="2022-10-20T18:45:52 IST" name="Setup" finished-at="2022-10-20T18:46:02 IST" duration-ms="10116" status="PASS">
          <reporter-output>
          </reporter-output>
        </test-method> <!-- Setup -->
        <test-method signature="EmployeeName()[pri:0, instance:Com.OrangeHRM.TestCases.HomepageTest@2c78324b]" started-at="2022-10-20T18:46:02 IST" name="EmployeeName" finished-at="2022-10-20T18:46:17 IST" duration-ms="14433" status="FAIL">
          <exception class="java.lang.NullPointerException">
            <message>
              <![CDATA[Cannot invoke "org.apache.log4j.Logger.info(Object)" because "Com.OrangeHRM.TestCases.HomepageTest.logger" is null]]>
            </message>
            <full-stacktrace>
              <![CDATA[java.lang.NullPointerException: Cannot invoke "org.apache.log4j.Logger.info(Object)" because "Com.OrangeHRM.TestCases.HomepageTest.logger" is null
at Com.OrangeHRM.TestCases.HomepageTest.EmployeeName(HomepageTest.java:43)
at java.base/jdk.internal.reflect.DirectMethodHandleAccessor.invoke(DirectMethodHandleAccessor.java:104)
at java.base/java.lang.reflect.Method.invoke(Method.java:577)
at org.testng.internal.MethodInvocationHelper.invokeMethod(MethodInvocationHelper.java:133)
at org.testng.internal.TestInvoker.invokeMethod(TestInvoker.java:598)
at org.testng.internal.TestInvoker.invokeTestMethod(TestInvoker.java:173)
at org.testng.internal.MethodRunner.runInSequence(MethodRunner.java:46)
at org.testng.internal.TestInvoker$MethodInvocationAgent.invoke(TestInvoker.java:824)
at org.testng.internal.TestInvoker.invokeTestMethods(TestInvoker.java:146)
at org.testng.internal.TestMethodWorker.invokeTestMethods(TestMethodWorker.java:146)
at org.testng.internal.TestMethodWorker.run(TestMethodWorker.java:128)
at java.base/java.util.ArrayList.forEach(ArrayList.java:1511)
at org.testng.TestRunner.privateRun(TestRunner.java:794)
at org.testng.TestRunner.run(TestRunner.java:596)
at org.testng.SuiteRunner.runTest(SuiteRunner.java:377)
at org.testng.SuiteRunner.runSequentially(SuiteRunner.java:371)
at org.testng.SuiteRunner.privateRun(SuiteRunner.java:332)
at org.testng.SuiteRunner.run(SuiteRunner.java:276)
at org.testng.SuiteRunnerWorker.runSuite(SuiteRunnerWorker.java:53)
at org.testng.SuiteRunnerWorker.run(SuiteRunnerWorker.java:96)
at org.testng.TestNG.runSuitesSequentially(TestNG.java:1212)
at org.testng.TestNG.runSuitesLocally(TestNG.java:1134)
at org.testng.TestNG.runSuites(TestNG.java:1063)
at org.testng.TestNG.run(TestNG.java:1031)
at org.testng.remote.AbstractRemoteTestNG.run(AbstractRemoteTestNG.java:115)
at org.testng.remote.RemoteTestNG.initAndRun(RemoteTestNG.java:251)
at org.testng.remote.RemoteTestNG.main(RemoteTestNG.java:77)
]]>
            </full-stacktrace>
          </exception> <!-- java.lang.NullPointerException -->
          <reporter-output>
          </reporter-output>
        </test-method> <!-- EmployeeName -->
        <test-method is-config="true" signature="Teardown()[pri:0, instance:Com.OrangeHRM.TestCases.HomepageTest@2c78324b]" started-at="2022-10-20T18:46:17 IST" name="Teardown" finished-at="2022-10-20T18:46:27 IST" duration-ms="9194" status="PASS">
          <reporter-output>
          </reporter-output>
        </test-method> <!-- Teardown -->
      </class> <!-- Com.OrangeHRM.TestCases.HomepageTest -->
      <class name="Com.OrangeHRM.TestCases.LoginpageTest">
        <test-method is-config="true" signature="Setup()[pri:0, instance:Com.OrangeHRM.TestCases.LoginpageTest@51bf5add]" started-at="2022-10-20T18:46:27 IST" name="Setup" finished-at="2022-10-20T18:46:35 IST" duration-ms="8088" status="PASS">
          <reporter-output>
          </reporter-output>
        </test-method> <!-- Setup -->
        <test-method signature="OrangeHRMPageTitle()[pri:0, instance:Com.OrangeHRM.TestCases.LoginpageTest@51bf5add]" started-at="2022-10-20T18:46:35 IST" name="OrangeHRMPageTitle" finished-at="2022-10-20T18:46:46 IST" duration-ms="11132" status="PASS">
          <reporter-output>
          </reporter-output>
        </test-method> <!-- OrangeHRMPageTitle -->
        <test-method is-config="true" signature="Teardown()[pri:0, instance:Com.OrangeHRM.TestCases.LoginpageTest@51bf5add]" started-at="2022-10-20T18:46:46 IST" name="Teardown" finished-at="2022-10-20T18:46:48 IST" duration-ms="1734" status="PASS">
          <reporter-output>
          </reporter-output>
        </test-method> <!-- Teardown -->
        <test-method is-config="true" signature="Setup()[pri:0, instance:Com.OrangeHRM.TestCases.LoginpageTest@51bf5add]" started-at="2022-10-20T18:46:48 IST" name="Setup" finished-at="2022-10-20T18:46:55 IST" duration-ms="7370" status="PASS">
          <reporter-output>
          </reporter-output>
        </test-method> <!-- Setup -->
        <test-method signature="OrangeUername()[pri:0, instance:Com.OrangeHRM.TestCases.LoginpageTest@51bf5add]" started-at="2022-10-20T18:46:55 IST" name="OrangeUername" finished-at="2022-10-20T18:47:05 IST" duration-ms="10192" status="FAIL">
          <exception class="java.lang.AssertionError">
            <full-stacktrace>
              <![CDATA[java.lang.AssertionError: 
at org.testng.AssertJUnit.fail(AssertJUnit.java:65)
at org.testng.AssertJUnit.assertTrue(AssertJUnit.java:23)
at org.testng.AssertJUnit.assertTrue(AssertJUnit.java:33)
at Com.OrangeHRM.TestCases.LoginpageTest.OrangeUername(LoginpageTest.java:41)
at java.base/jdk.internal.reflect.DirectMethodHandleAccessor.invoke(DirectMethodHandleAccessor.java:104)
at java.base/java.lang.reflect.Method.invoke(Method.java:577)
at org.testng.internal.MethodInvocationHelper.invokeMethod(MethodInvocationHelper.java:133)
at org.testng.internal.TestInvoker.invokeMethod(TestInvoker.java:598)
at org.testng.internal.TestInvoker.invokeTestMethod(TestInvoker.java:173)
at org.testng.internal.MethodRunner.runInSequence(MethodRunner.java:46)
at org.testng.internal.TestInvoker$MethodInvocationAgent.invoke(TestInvoker.java:824)
at org.testng.internal.TestInvoker.invokeTestMethods(TestInvoker.java:146)
at org.testng.internal.TestMethodWorker.invokeTestMethods(TestMethodWorker.java:146)
at org.testng.internal.TestMethodWorker.run(TestMethodWorker.java:128)
at java.base/java.util.ArrayList.forEach(ArrayList.java:1511)
at org.testng.TestRunner.privateRun(TestRunner.java:794)
at org.testng.TestRunner.run(TestRunner.java:596)
at org.testng.SuiteRunner.runTest(SuiteRunner.java:377)
at org.testng.SuiteRunner.runSequentially(SuiteRunner.java:371)
at org.testng.SuiteRunner.privateRun(SuiteRunner.java:332)
at org.testng.SuiteRunner.run(SuiteRunner.java:276)
at org.testng.SuiteRunnerWorker.runSuite(SuiteRunnerWorker.java:53)
at org.testng.SuiteRunnerWorker.run(SuiteRunnerWorker.java:96)
at org.testng.TestNG.runSuitesSequentially(TestNG.java:1212)
at org.testng.TestNG.runSuitesLocally(TestNG.java:1134)
at org.testng.TestNG.runSuites(TestNG.java:1063)
at org.testng.TestNG.run(TestNG.java:1031)
at org.testng.remote.AbstractRemoteTestNG.run(AbstractRemoteTestNG.java:115)
at org.testng.remote.RemoteTestNG.initAndRun(RemoteTestNG.java:251)
at org.testng.remote.RemoteTestNG.main(RemoteTestNG.java:77)
]]>
            </full-stacktrace>
          </exception> <!-- java.lang.AssertionError -->
          <reporter-output>
          </reporter-output>
        </test-method> <!-- OrangeUername -->
        <test-method is-config="true" signature="Teardown()[pri:0, instance:Com.OrangeHRM.TestCases.LoginpageTest@51bf5add]" started-at="2022-10-20T18:47:06 IST" name="Teardown" finished-at="2022-10-20T18:47:07 IST" duration-ms="1203" status="PASS">
          <reporter-output>
          </reporter-output>
        </test-method> <!-- Teardown -->
      </class> <!-- Com.OrangeHRM.TestCases.LoginpageTest -->
    </test> <!-- Test -->
  </suite> <!-- Suite -->
</testng-results>
